2025-09-01 16:29:45,586 - INFO - No existing employee data found
2025-09-01 16:29:45,669 - INFO - [31m[1mWARNING: This is a development server. Do not use it in a production deployment. Use a production WSGI server instead.[0m
 * Running on all addresses (0.0.0.0)
 * Running on http://127.0.0.1:5000
 * Running on http://192.168.1.120:5000
2025-09-01 16:29:45,670 - INFO - [33mPress CTRL+C to quit[0m
2025-09-01 16:29:45,672 - INFO -  * Restarting with stat
2025-09-01 16:29:46,322 - INFO - No existing employee data found
2025-09-01 16:29:46,346 - WARNING -  * Debugger is active!
2025-09-01 16:29:46,352 - INFO -  * Debugger PIN: 351-419-600
2025-09-01 16:32:27,191 - INFO - 127.0.0.1 - - [01/Sep/2025 16:32:27] "[33mGET / HTTP/1.1[0m" 404 -
2025-09-01 16:32:27,297 - INFO - 127.0.0.1 - - [01/Sep/2025 16:32:27] "[33mGET /favicon.ico HTTP/1.1[0m" 404 -
2025-09-01 16:32:31,993 - INFO - 192.168.1.120 - - [01/Sep/2025 16:32:31] "[33mGET / HTTP/1.1[0m" 404 -
2025-09-01 16:32:32,120 - INFO - 192.168.1.120 - - [01/Sep/2025 16:32:32] "[33mGET /favicon.ico HTTP/1.1[0m" 404 -
2025-09-01 16:37:00,694 - INFO - 192.168.1.120 - - [01/Sep/2025 16:37:00] "[33mGET / HTTP/1.1[0m" 404 -
2025-09-01 16:39:49,683 - INFO -  * Detected change in 'c:\\Users\\rosedangol\\Documents\\Python-Assignment\\Day3\\tuples.py', reloading
2025-09-01 16:39:49,867 - INFO -  * Restarting with stat
2025-09-01 16:39:50,612 - INFO - No existing employee data found
2025-09-01 16:39:50,642 - WARNING -  * Debugger is active!
2025-09-01 16:39:50,648 - INFO -  * Debugger PIN: 351-419-600
2025-09-01 16:44:04,891 - INFO -  * Detected change in 'c:\\Users\\rosedangol\\Documents\\Python-Assignment\\Day3\\challenging.py', reloading
2025-09-01 16:44:04,972 - INFO -  * Restarting with stat
2025-09-01 16:44:05,427 - INFO - No existing employee data found
2025-09-01 16:44:05,447 - WARNING -  * Debugger is active!
2025-09-01 16:44:05,452 - INFO -  * Debugger PIN: 351-419-600
2025-09-01 16:44:15,543 - INFO -  * Detected change in 'c:\\Users\\rosedangol\\Documents\\Python-Assignment\\Day3\\challenging.py', reloading
2025-09-01 16:44:15,635 - INFO -  * Restarting with stat
2025-09-01 16:44:16,267 - INFO - No existing employee data found
2025-09-01 16:44:16,313 - WARNING -  * Debugger is active!
2025-09-01 16:44:16,327 - INFO -  * Debugger PIN: 351-419-600
2025-09-01 16:44:17,383 - INFO -  * Detected change in 'c:\\Users\\rosedangol\\Documents\\Python-Assignment\\Day3\\challenging.py', reloading
2025-09-01 16:44:17,535 - INFO -  * Restarting with stat
2025-09-01 16:44:17,948 - INFO - No existing employee data found
2025-09-01 16:44:17,969 - WARNING -  * Debugger is active!
2025-09-01 16:44:17,973 - INFO -  * Debugger PIN: 351-419-600
2025-09-01 16:44:19,010 - INFO -  * Detected change in 'c:\\Users\\rosedangol\\Documents\\Python-Assignment\\Day3\\challenging.py', reloading
2025-09-01 16:44:19,145 - INFO -  * Restarting with stat
2025-09-01 16:44:19,607 - INFO - No existing employee data found
2025-09-01 16:44:19,631 - WARNING -  * Debugger is active!
2025-09-01 16:44:19,635 - INFO -  * Debugger PIN: 351-419-600
2025-09-01 16:44:20,666 - INFO -  * Detected change in 'c:\\Users\\rosedangol\\Documents\\Python-Assignment\\Day3\\challenging.py', reloading
2025-09-01 16:44:20,771 - INFO -  * Restarting with stat
2025-09-01 16:44:21,238 - INFO - No existing employee data found
2025-09-01 16:44:21,257 - WARNING -  * Debugger is active!
2025-09-01 16:44:21,261 - INFO -  * Debugger PIN: 351-419-600
2025-09-01 16:44:22,312 - INFO -  * Detected change in 'c:\\Users\\rosedangol\\Documents\\Python-Assignment\\Day3\\challenging.py', reloading
2025-09-01 16:44:22,418 - INFO -  * Restarting with stat
2025-09-01 16:44:22,864 - INFO - No existing employee data found
2025-09-01 16:44:22,892 - WARNING -  * Debugger is active!
2025-09-01 16:44:22,898 - INFO -  * Debugger PIN: 351-419-600
2025-09-01 16:44:34,012 - INFO -  * Detected change in 'c:\\Users\\rosedangol\\Documents\\Python-Assignment\\Day3\\challenging.py', reloading
2025-09-01 16:44:34,073 - INFO -  * Restarting with stat
2025-09-01 16:44:34,573 - INFO - No existing employee data found
2025-09-01 16:44:34,592 - WARNING -  * Debugger is active!
2025-09-01 16:44:34,597 - INFO -  * Debugger PIN: 351-419-600
2025-09-01 16:44:35,627 - INFO -  * Detected change in 'c:\\Users\\rosedangol\\Documents\\Python-Assignment\\Day3\\challenging.py', reloading
2025-09-01 16:44:35,738 - INFO -  * Restarting with stat
2025-09-01 16:44:36,209 - INFO - No existing employee data found
2025-09-01 16:44:36,231 - WARNING -  * Debugger is active!
2025-09-01 16:44:36,236 - INFO -  * Debugger PIN: 351-419-600
2025-09-01 16:44:37,277 - INFO -  * Detected change in 'c:\\Users\\rosedangol\\Documents\\Python-Assignment\\Day3\\challenging.py', reloading
2025-09-01 16:44:37,357 - INFO -  * Restarting with stat
2025-09-01 16:44:37,841 - INFO - No existing employee data found
2025-09-01 16:44:37,864 - WARNING -  * Debugger is active!
2025-09-01 16:44:37,869 - INFO -  * Debugger PIN: 351-419-600
2025-09-01 16:44:39,907 - INFO -  * Detected change in 'c:\\Users\\rosedangol\\Documents\\Python-Assignment\\Day3\\challenging.py', reloading
2025-09-01 16:44:39,988 - INFO -  * Restarting with stat
2025-09-01 16:44:40,742 - INFO - No existing employee data found
2025-09-01 16:44:40,777 - WARNING -  * Debugger is active!
2025-09-01 16:44:40,783 - INFO -  * Debugger PIN: 351-419-600
2025-09-01 16:44:41,822 - INFO -  * Detected change in 'c:\\Users\\rosedangol\\Documents\\Python-Assignment\\Day3\\challenging.py', reloading
2025-09-01 16:44:41,935 - INFO -  * Restarting with stat
2025-09-01 16:44:42,366 - INFO - No existing employee data found
2025-09-01 16:44:42,387 - WARNING -  * Debugger is active!
2025-09-01 16:44:42,392 - INFO -  * Debugger PIN: 351-419-600
2025-09-01 16:44:43,420 - INFO -  * Detected change in 'c:\\Users\\rosedangol\\Documents\\Python-Assignment\\Day3\\challenging.py', reloading
2025-09-01 16:44:43,594 - INFO -  * Restarting with stat
2025-09-01 16:44:44,105 - INFO - No existing employee data found
2025-09-01 16:44:44,127 - WARNING -  * Debugger is active!
2025-09-01 16:44:44,132 - INFO -  * Debugger PIN: 351-419-600
2025-09-01 16:44:45,160 - INFO -  * Detected change in 'c:\\Users\\rosedangol\\Documents\\Python-Assignment\\Day3\\challenging.py', reloading
2025-09-01 16:44:45,244 - INFO -  * Restarting with stat
2025-09-01 16:44:45,853 - INFO - No existing employee data found
2025-09-01 16:44:45,882 - WARNING -  * Debugger is active!
2025-09-01 16:44:45,891 - INFO -  * Debugger PIN: 351-419-600
2025-09-01 16:44:49,947 - INFO -  * Detected change in 'c:\\Users\\rosedangol\\Documents\\Python-Assignment\\Day3\\challenging.py', reloading
2025-09-01 16:44:50,038 - INFO -  * Restarting with stat
2025-09-01 16:44:50,622 - INFO - No existing employee data found
2025-09-01 16:44:50,652 - WARNING -  * Debugger is active!
2025-09-01 16:44:50,660 - INFO -  * Debugger PIN: 351-419-600
2025-09-01 16:44:51,696 - INFO -  * Detected change in 'c:\\Users\\rosedangol\\Documents\\Python-Assignment\\Day3\\challenging.py', reloading
2025-09-01 16:44:51,775 - INFO -  * Restarting with stat
2025-09-01 16:44:52,213 - INFO - No existing employee data found
2025-09-01 16:44:52,231 - WARNING -  * Debugger is active!
2025-09-01 16:44:52,236 - INFO -  * Debugger PIN: 351-419-600
2025-09-01 16:44:57,312 - INFO -  * Detected change in 'c:\\Users\\rosedangol\\Documents\\Python-Assignment\\Day3\\challenging.py', reloading
2025-09-01 16:44:57,390 - INFO -  * Restarting with stat
2025-09-01 16:44:57,870 - INFO - No existing employee data found
2025-09-01 16:44:57,898 - WARNING -  * Debugger is active!
2025-09-01 16:44:57,904 - INFO -  * Debugger PIN: 351-419-600
2025-09-01 16:45:01,959 - INFO -  * Detected change in 'c:\\Users\\rosedangol\\Documents\\Python-Assignment\\Day3\\challenging.py', reloading
2025-09-01 16:45:02,035 - INFO -  * Restarting with stat
2025-09-01 16:45:02,517 - INFO - No existing employee data found
2025-09-01 16:45:02,538 - WARNING -  * Debugger is active!
2025-09-01 16:45:02,542 - INFO -  * Debugger PIN: 351-419-600
2025-09-01 16:45:03,584 - INFO -  * Detected change in 'c:\\Users\\rosedangol\\Documents\\Python-Assignment\\Day3\\challenging.py', reloading
2025-09-01 16:45:03,682 - INFO -  * Restarting with stat
2025-09-01 16:45:04,193 - INFO - No existing employee data found
2025-09-01 16:45:04,235 - WARNING -  * Debugger is active!
2025-09-01 16:45:04,252 - INFO -  * Debugger PIN: 351-419-600
2025-09-01 16:45:05,301 - INFO -  * Detected change in 'c:\\Users\\rosedangol\\Documents\\Python-Assignment\\Day3\\challenging.py', reloading
2025-09-01 16:45:05,389 - INFO -  * Restarting with stat
2025-09-01 16:45:05,939 - INFO - No existing employee data found
2025-09-01 16:45:05,964 - WARNING -  * Debugger is active!
2025-09-01 16:45:05,969 - INFO -  * Debugger PIN: 351-419-600
2025-09-01 16:45:07,000 - INFO -  * Detected change in 'c:\\Users\\rosedangol\\Documents\\Python-Assignment\\Day3\\challenging.py', reloading
2025-09-01 16:45:07,086 - INFO -  * Restarting with stat
2025-09-01 16:45:07,494 - INFO - No existing employee data found
2025-09-01 16:45:07,513 - WARNING -  * Debugger is active!
2025-09-01 16:45:07,518 - INFO -  * Debugger PIN: 351-419-600
2025-09-01 16:45:11,574 - INFO -  * Detected change in 'c:\\Users\\rosedangol\\Documents\\Python-Assignment\\Day3\\challenging.py', reloading
2025-09-01 16:45:11,639 - INFO -  * Restarting with stat
2025-09-01 16:45:12,209 - INFO - No existing employee data found
2025-09-01 16:45:12,237 - WARNING -  * Debugger is active!
2025-09-01 16:45:12,242 - INFO -  * Debugger PIN: 351-419-600
2025-09-01 16:45:13,291 - INFO -  * Detected change in 'c:\\Users\\rosedangol\\Documents\\Python-Assignment\\Day3\\challenging.py', reloading
2025-09-01 16:45:13,376 - INFO -  * Restarting with stat
2025-09-01 16:45:13,885 - INFO - No existing employee data found
2025-09-01 16:45:13,916 - WARNING -  * Debugger is active!
2025-09-01 16:45:13,923 - INFO -  * Debugger PIN: 351-419-600
2025-09-01 16:45:14,955 - INFO -  * Detected change in 'c:\\Users\\rosedangol\\Documents\\Python-Assignment\\Day3\\challenging.py', reloading
2025-09-01 16:45:15,049 - INFO -  * Restarting with stat
2025-09-01 16:45:15,681 - INFO - No existing employee data found
2025-09-01 16:45:15,711 - WARNING -  * Debugger is active!
2025-09-01 16:45:15,719 - INFO -  * Debugger PIN: 351-419-600
2025-09-01 16:45:21,790 - INFO -  * Detected change in 'c:\\Users\\rosedangol\\Documents\\Python-Assignment\\Day3\\challenging.py', reloading
2025-09-01 16:45:21,854 - INFO -  * Restarting with stat
2025-09-01 16:45:22,487 - INFO - No existing employee data found
2025-09-01 16:45:22,515 - WARNING -  * Debugger is active!
2025-09-01 16:45:22,527 - INFO -  * Debugger PIN: 351-419-600
2025-09-01 16:45:23,563 - INFO -  * Detected change in 'c:\\Users\\rosedangol\\Documents\\Python-Assignment\\Day3\\challenging.py', reloading
2025-09-01 16:45:23,646 - INFO -  * Restarting with stat
2025-09-01 16:45:24,076 - INFO - No existing employee data found
2025-09-01 16:45:24,101 - WARNING -  * Debugger is active!
2025-09-01 16:45:24,106 - INFO -  * Debugger PIN: 351-419-600
2025-09-01 16:45:26,146 - INFO -  * Detected change in 'c:\\Users\\rosedangol\\Documents\\Python-Assignment\\Day3\\challenging.py', reloading
2025-09-01 16:45:26,320 - INFO -  * Restarting with stat
2025-09-01 16:45:26,874 - INFO - No existing employee data found
2025-09-01 16:45:26,933 - WARNING -  * Debugger is active!
2025-09-01 16:45:26,940 - INFO -  * Debugger PIN: 351-419-600
2025-09-01 16:45:27,980 - INFO -  * Detected change in 'c:\\Users\\rosedangol\\Documents\\Python-Assignment\\Day3\\challenging.py', reloading
2025-09-01 16:45:28,065 - INFO -  * Restarting with stat
2025-09-01 16:45:28,717 - INFO - No existing employee data found
2025-09-01 16:45:28,747 - WARNING -  * Debugger is active!
2025-09-01 16:45:28,752 - INFO -  * Debugger PIN: 351-419-600
2025-09-01 16:45:29,788 - INFO -  * Detected change in 'c:\\Users\\rosedangol\\Documents\\Python-Assignment\\Day3\\challenging.py', reloading
2025-09-01 16:45:29,939 - INFO -  * Restarting with stat
2025-09-01 16:45:30,430 - INFO - No existing employee data found
2025-09-01 16:45:30,448 - WARNING -  * Debugger is active!
2025-09-01 16:45:30,453 - INFO -  * Debugger PIN: 351-419-600
2025-09-01 16:45:31,481 - INFO -  * Detected change in 'c:\\Users\\rosedangol\\Documents\\Python-Assignment\\Day3\\challenging.py', reloading
2025-09-01 16:45:31,566 - INFO -  * Restarting with stat
2025-09-01 16:45:31,995 - INFO - No existing employee data found
2025-09-01 16:45:32,014 - WARNING -  * Debugger is active!
2025-09-01 16:45:32,019 - INFO -  * Debugger PIN: 351-419-600
2025-09-01 16:45:33,044 - INFO -  * Detected change in 'c:\\Users\\rosedangol\\Documents\\Python-Assignment\\Day3\\challenging.py', reloading
2025-09-01 16:45:33,140 - INFO -  * Restarting with stat
2025-09-01 16:45:33,682 - INFO - No existing employee data found
2025-09-01 16:45:33,708 - WARNING -  * Debugger is active!
2025-09-01 16:45:33,714 - INFO -  * Debugger PIN: 351-419-600
2025-09-01 16:45:35,754 - INFO -  * Detected change in 'c:\\Users\\rosedangol\\Documents\\Python-Assignment\\Day3\\challenging.py', reloading
2025-09-01 16:45:36,028 - INFO -  * Restarting with stat
2025-09-01 16:45:36,998 - INFO - No existing employee data found
2025-09-01 16:45:37,036 - WARNING -  * Debugger is active!
2025-09-01 16:45:37,049 - INFO -  * Debugger PIN: 351-419-600
2025-09-01 16:45:49,181 - INFO -  * Detected change in 'c:\\Users\\rosedangol\\Documents\\Python-Assignment\\Day3\\challenging.py', reloading
2025-09-01 16:45:49,237 - INFO -  * Restarting with stat
2025-09-01 16:45:49,718 - INFO - No existing employee data found
2025-09-01 16:45:49,738 - WARNING -  * Debugger is active!
2025-09-01 16:45:49,743 - INFO -  * Debugger PIN: 351-419-600
2025-09-01 16:46:00,852 - INFO -  * Detected change in 'c:\\Users\\rosedangol\\Documents\\Python-Assignment\\Day3\\challenging.py', reloading
2025-09-01 16:46:00,937 - INFO -  * Restarting with stat
2025-09-01 16:46:01,396 - INFO - No existing employee data found
2025-09-01 16:46:01,418 - WARNING -  * Debugger is active!
2025-09-01 16:46:01,423 - INFO -  * Debugger PIN: 351-419-600
2025-09-01 16:46:02,453 - INFO -  * Detected change in 'c:\\Users\\rosedangol\\Documents\\Python-Assignment\\Day3\\challenging.py', reloading
2025-09-01 16:46:02,532 - INFO -  * Restarting with stat
2025-09-01 16:46:03,015 - INFO - No existing employee data found
2025-09-01 16:46:03,039 - WARNING -  * Debugger is active!
2025-09-01 16:46:03,043 - INFO -  * Debugger PIN: 351-419-600
2025-09-01 16:46:04,070 - INFO -  * Detected change in 'c:\\Users\\rosedangol\\Documents\\Python-Assignment\\Day3\\challenging.py', reloading
2025-09-01 16:46:04,161 - INFO -  * Restarting with stat
2025-09-01 16:46:04,595 - INFO - No existing employee data found
2025-09-01 16:46:04,613 - WARNING -  * Debugger is active!
2025-09-01 16:46:04,618 - INFO -  * Debugger PIN: 351-419-600
2025-09-01 16:46:05,655 - INFO -  * Detected change in 'c:\\Users\\rosedangol\\Documents\\Python-Assignment\\Day3\\challenging.py', reloading
2025-09-01 16:46:05,766 - INFO -  * Restarting with stat
2025-09-01 16:46:06,203 - INFO - No existing employee data found
2025-09-01 16:46:06,223 - WARNING -  * Debugger is active!
2025-09-01 16:46:06,228 - INFO -  * Debugger PIN: 351-419-600
2025-09-01 16:46:21,361 - INFO -  * Detected change in 'c:\\Users\\rosedangol\\Documents\\Python-Assignment\\Day3\\challenging.py', reloading
2025-09-01 16:46:21,458 - INFO -  * Restarting with stat
2025-09-01 16:46:21,908 - INFO - No existing employee data found
2025-09-01 16:46:21,930 - WARNING -  * Debugger is active!
2025-09-01 16:46:21,934 - INFO -  * Debugger PIN: 351-419-600
2025-09-01 16:46:23,976 - INFO -  * Detected change in 'c:\\Users\\rosedangol\\Documents\\Python-Assignment\\Day3\\challenging.py', reloading
2025-09-01 16:46:24,029 - INFO -  * Restarting with stat
2025-09-01 16:46:25,349 - INFO - No existing employee data found
2025-09-01 16:46:25,477 - WARNING -  * Debugger is active!
2025-09-01 16:46:25,491 - INFO -  * Debugger PIN: 351-419-600
2025-09-01 16:46:26,554 - INFO -  * Detected change in 'c:\\Users\\rosedangol\\Documents\\Python-Assignment\\Day3\\challenging.py', reloading
2025-09-01 16:46:26,661 - INFO -  * Restarting with stat
2025-09-01 16:46:27,180 - INFO - No existing employee data found
2025-09-01 16:46:27,204 - WARNING -  * Debugger is active!
2025-09-01 16:46:27,210 - INFO -  * Debugger PIN: 351-419-600
2025-09-01 16:46:28,244 - INFO -  * Detected change in 'c:\\Users\\rosedangol\\Documents\\Python-Assignment\\Day3\\challenging.py', reloading
2025-09-01 16:46:28,331 - INFO -  * Restarting with stat
2025-09-01 16:46:28,764 - INFO - No existing employee data found
2025-09-01 16:46:28,791 - WARNING -  * Debugger is active!
2025-09-01 16:46:28,796 - INFO -  * Debugger PIN: 351-419-600
2025-09-01 16:46:29,823 - INFO -  * Detected change in 'c:\\Users\\rosedangol\\Documents\\Python-Assignment\\Day3\\challenging.py', reloading
2025-09-01 16:46:29,943 - INFO -  * Restarting with stat
2025-09-01 16:46:30,419 - INFO - No existing employee data found
2025-09-01 16:46:30,436 - WARNING -  * Debugger is active!
2025-09-01 16:46:30,441 - INFO -  * Debugger PIN: 351-419-600
2025-09-01 16:46:31,472 - INFO -  * Detected change in 'c:\\Users\\rosedangol\\Documents\\Python-Assignment\\Day3\\challenging.py', reloading
2025-09-01 16:46:31,565 - INFO -  * Restarting with stat
2025-09-01 16:46:31,984 - INFO - No existing employee data found
2025-09-01 16:46:32,002 - WARNING -  * Debugger is active!
2025-09-01 16:46:32,008 - INFO -  * Debugger PIN: 351-419-600
2025-09-01 16:46:33,043 - INFO -  * Detected change in 'c:\\Users\\rosedangol\\Documents\\Python-Assignment\\Day3\\challenging.py', reloading
2025-09-01 16:46:33,200 - INFO -  * Restarting with stat
2025-09-01 16:46:34,064 - INFO - No existing employee data found
2025-09-01 16:46:34,092 - WARNING -  * Debugger is active!
2025-09-01 16:46:34,099 - INFO -  * Debugger PIN: 351-419-600
2025-09-01 16:46:35,135 - INFO -  * Detected change in 'c:\\Users\\rosedangol\\Documents\\Python-Assignment\\Day3\\challenging.py', reloading
2025-09-01 16:46:35,229 - INFO -  * Restarting with stat
2025-09-01 16:46:35,656 - INFO - No existing employee data found
2025-09-01 16:46:35,677 - WARNING -  * Debugger is active!
2025-09-01 16:46:35,682 - INFO -  * Debugger PIN: 351-419-600
2025-09-01 16:46:37,717 - INFO -  * Detected change in 'c:\\Users\\rosedangol\\Documents\\Python-Assignment\\Day3\\challenging.py', reloading
2025-09-01 16:46:37,771 - INFO -  * Restarting with stat
2025-09-01 16:46:38,223 - INFO - No existing employee data found
2025-09-01 16:46:38,241 - WARNING -  * Debugger is active!
2025-09-01 16:46:38,246 - INFO -  * Debugger PIN: 351-419-600
2025-09-01 16:46:39,294 - INFO -  * Detected change in 'c:\\Users\\rosedangol\\Documents\\Python-Assignment\\Day3\\challenging.py', reloading
2025-09-01 16:46:39,415 - INFO -  * Restarting with stat
2025-09-01 16:46:39,826 - INFO - No existing employee data found
2025-09-01 16:46:39,846 - WARNING -  * Debugger is active!
2025-09-01 16:46:39,850 - INFO -  * Debugger PIN: 351-419-600
2025-09-01 16:46:40,875 - INFO -  * Detected change in 'c:\\Users\\rosedangol\\Documents\\Python-Assignment\\Day3\\challenging.py', reloading
2025-09-01 16:46:40,974 - INFO -  * Restarting with stat
2025-09-01 16:46:41,409 - INFO - No existing employee data found
2025-09-01 16:46:41,433 - WARNING -  * Debugger is active!
2025-09-01 16:46:41,439 - INFO -  * Debugger PIN: 351-419-600
2025-09-01 16:46:43,485 - INFO -  * Detected change in 'c:\\Users\\rosedangol\\Documents\\Python-Assignment\\Day3\\challenging.py', reloading
2025-09-01 16:46:43,576 - INFO -  * Restarting with stat
2025-09-01 16:46:44,095 - INFO - No existing employee data found
2025-09-01 16:46:44,122 - WARNING -  * Debugger is active!
2025-09-01 16:46:44,127 - INFO -  * Debugger PIN: 351-419-600
2025-09-01 16:46:45,165 - INFO -  * Detected change in 'c:\\Users\\rosedangol\\Documents\\Python-Assignment\\Day3\\challenging.py', reloading
2025-09-01 16:46:45,259 - INFO -  * Restarting with stat
2025-09-01 16:46:45,939 - INFO - No existing employee data found
2025-09-01 16:46:45,967 - WARNING -  * Debugger is active!
2025-09-01 16:46:45,974 - INFO -  * Debugger PIN: 351-419-600
2025-09-01 16:46:47,009 - INFO -  * Detected change in 'c:\\Users\\rosedangol\\Documents\\Python-Assignment\\Day3\\challenging.py', reloading
2025-09-01 16:46:47,092 - INFO -  * Restarting with stat
2025-09-01 16:46:47,639 - INFO - No existing employee data found
2025-09-01 16:46:47,672 - WARNING -  * Debugger is active!
2025-09-01 16:46:47,676 - INFO -  * Debugger PIN: 351-419-600
2025-09-01 16:46:48,716 - INFO -  * Detected change in 'c:\\Users\\rosedangol\\Documents\\Python-Assignment\\Day3\\challenging.py', reloading
2025-09-01 16:46:48,888 - INFO -  * Restarting with stat
2025-09-01 16:46:49,353 - INFO - No existing employee data found
2025-09-01 16:46:49,372 - WARNING -  * Debugger is active!
2025-09-01 16:46:49,377 - INFO -  * Debugger PIN: 351-419-600
2025-09-01 16:46:50,413 - INFO -  * Detected change in 'c:\\Users\\rosedangol\\Documents\\Python-Assignment\\Day3\\challenging.py', reloading
2025-09-01 16:46:50,525 - INFO -  * Restarting with stat
2025-09-01 16:46:51,020 - INFO - No existing employee data found
2025-09-01 16:46:51,039 - WARNING -  * Debugger is active!
2025-09-01 16:46:51,044 - INFO -  * Debugger PIN: 351-419-600
2025-09-01 16:46:52,077 - INFO -  * Detected change in 'c:\\Users\\rosedangol\\Documents\\Python-Assignment\\Day3\\challenging.py', reloading
2025-09-01 16:46:52,161 - INFO -  * Restarting with stat
2025-09-01 16:46:52,661 - INFO - No existing employee data found
2025-09-01 16:46:52,696 - WARNING -  * Debugger is active!
2025-09-01 16:46:52,702 - INFO -  * Debugger PIN: 351-419-600
2025-09-01 16:46:54,741 - INFO -  * Detected change in 'c:\\Users\\rosedangol\\Documents\\Python-Assignment\\Day3\\challenging.py', reloading
2025-09-01 16:46:54,798 - INFO -  * Restarting with stat
2025-09-01 16:46:55,269 - INFO - No existing employee data found
2025-09-01 16:46:55,290 - WARNING -  * Debugger is active!
2025-09-01 16:46:55,294 - INFO -  * Debugger PIN: 351-419-600
2025-09-01 16:46:56,321 - INFO -  * Detected change in 'c:\\Users\\rosedangol\\Documents\\Python-Assignment\\Day3\\challenging.py', reloading
2025-09-01 16:46:56,449 - INFO -  * Restarting with stat
2025-09-01 16:46:56,876 - INFO - No existing employee data found
2025-09-01 16:46:56,896 - WARNING -  * Debugger is active!
2025-09-01 16:46:56,901 - INFO -  * Debugger PIN: 351-419-600
2025-09-01 16:46:57,929 - INFO -  * Detected change in 'c:\\Users\\rosedangol\\Documents\\Python-Assignment\\Day3\\challenging.py', reloading
2025-09-01 16:46:58,019 - INFO -  * Restarting with stat
2025-09-01 16:46:58,700 - INFO - No existing employee data found
2025-09-01 16:46:58,727 - WARNING -  * Debugger is active!
2025-09-01 16:46:58,736 - INFO -  * Debugger PIN: 351-419-600
2025-09-01 16:46:59,770 - INFO -  * Detected change in 'c:\\Users\\rosedangol\\Documents\\Python-Assignment\\Day3\\challenging.py', reloading
2025-09-01 16:46:59,855 - INFO -  * Restarting with stat
2025-09-01 16:47:00,354 - INFO - No existing employee data found
2025-09-01 16:47:00,383 - WARNING -  * Debugger is active!
2025-09-01 16:47:00,390 - INFO -  * Debugger PIN: 351-419-600
2025-09-01 16:47:11,528 - INFO -  * Detected change in 'c:\\Users\\rosedangol\\Documents\\Python-Assignment\\Day3\\challenging.py', reloading
2025-09-01 16:47:11,574 - INFO -  * Restarting with stat
2025-09-01 16:47:11,973 - INFO - No existing employee data found
2025-09-01 16:47:11,991 - WARNING -  * Debugger is active!
2025-09-01 16:47:11,994 - INFO -  * Debugger PIN: 351-419-600
2025-09-01 16:47:13,018 - INFO -  * Detected change in 'c:\\Users\\rosedangol\\Documents\\Python-Assignment\\Day3\\challenging.py', reloading
2025-09-01 16:47:13,097 - INFO -  * Restarting with stat
2025-09-01 16:47:13,658 - INFO - No existing employee data found
2025-09-01 16:47:13,688 - WARNING -  * Debugger is active!
2025-09-01 16:47:13,697 - INFO -  * Debugger PIN: 351-419-600
2025-09-01 16:47:14,746 - INFO -  * Detected change in 'c:\\Users\\rosedangol\\Documents\\Python-Assignment\\Day3\\challenging.py', reloading
2025-09-01 16:47:14,861 - INFO -  * Restarting with stat
2025-09-01 16:47:15,310 - INFO - No existing employee data found
2025-09-01 16:47:15,331 - WARNING -  * Debugger is active!
2025-09-01 16:47:15,335 - INFO -  * Debugger PIN: 351-419-600
2025-09-01 16:47:16,368 - INFO -  * Detected change in 'c:\\Users\\rosedangol\\Documents\\Python-Assignment\\Day3\\challenging.py', reloading
2025-09-01 16:47:16,437 - INFO -  * Restarting with stat
2025-09-01 16:47:17,038 - INFO - No existing employee data found
2025-09-01 16:47:17,068 - WARNING -  * Debugger is active!
2025-09-01 16:47:17,075 - INFO -  * Debugger PIN: 351-419-600
2025-09-01 16:47:18,112 - INFO -  * Detected change in 'c:\\Users\\rosedangol\\Documents\\Python-Assignment\\Day3\\challenging.py', reloading
2025-09-01 16:47:18,228 - INFO -  * Restarting with stat
2025-09-01 16:47:18,785 - INFO - No existing employee data found
2025-09-01 16:47:18,801 - WARNING -  * Debugger is active!
2025-09-01 16:47:18,806 - INFO -  * Debugger PIN: 351-419-600
2025-09-01 16:47:21,848 - INFO -  * Detected change in 'c:\\Users\\rosedangol\\Documents\\Python-Assignment\\Day3\\challenging.py', reloading
2025-09-01 16:47:21,931 - INFO -  * Restarting with stat
2025-09-01 16:47:22,512 - INFO - No existing employee data found
2025-09-01 16:47:22,538 - WARNING -  * Debugger is active!
2025-09-01 16:47:22,543 - INFO -  * Debugger PIN: 351-419-600
2025-09-01 16:47:23,592 - INFO -  * Detected change in 'c:\\Users\\rosedangol\\Documents\\Python-Assignment\\Day3\\challenging.py', reloading
2025-09-01 16:47:23,632 - INFO -  * Restarting with stat
2025-09-01 16:47:24,030 - INFO - No existing employee data found
2025-09-01 16:47:24,047 - WARNING -  * Debugger is active!
2025-09-01 16:47:24,051 - INFO -  * Debugger PIN: 351-419-600
2025-09-01 16:47:29,113 - INFO -  * Detected change in 'c:\\Users\\rosedangol\\Documents\\Python-Assignment\\Day3\\challenging.py', reloading
2025-09-01 16:47:29,192 - INFO -  * Restarting with stat
2025-09-01 16:47:29,923 - INFO - No existing employee data found
2025-09-01 16:47:29,940 - WARNING -  * Debugger is active!
2025-09-01 16:47:29,945 - INFO -  * Debugger PIN: 351-419-600
2025-09-01 16:47:30,981 - INFO -  * Detected change in 'c:\\Users\\rosedangol\\Documents\\Python-Assignment\\Day3\\challenging.py', reloading
2025-09-01 16:47:31,061 - INFO -  * Restarting with stat
2025-09-01 16:47:31,468 - INFO - No existing employee data found
2025-09-01 16:47:31,486 - WARNING -  * Debugger is active!
2025-09-01 16:47:31,490 - INFO -  * Debugger PIN: 351-419-600
2025-09-01 16:47:32,519 - INFO -  * Detected change in 'c:\\Users\\rosedangol\\Documents\\Python-Assignment\\Day3\\challenging.py', reloading
2025-09-01 16:47:32,640 - INFO -  * Restarting with stat
2025-09-01 16:47:33,047 - INFO - No existing employee data found
2025-09-01 16:47:33,066 - WARNING -  * Debugger is active!
2025-09-01 16:47:33,071 - INFO -  * Debugger PIN: 351-419-600
2025-09-01 16:47:34,099 - INFO -  * Detected change in 'c:\\Users\\rosedangol\\Documents\\Python-Assignment\\Day3\\challenging.py', reloading
2025-09-01 16:47:34,175 - INFO -  * Restarting with stat
2025-09-01 16:47:34,732 - INFO - No existing employee data found
2025-09-01 16:47:34,749 - WARNING -  * Debugger is active!
2025-09-01 16:47:34,754 - INFO -  * Debugger PIN: 351-419-600
2025-09-01 16:47:35,776 - INFO -  * Detected change in 'c:\\Users\\rosedangol\\Documents\\Python-Assignment\\Day3\\challenging.py', reloading
2025-09-01 16:47:35,818 - INFO -  * Restarting with stat
2025-09-01 16:47:36,219 - INFO - No existing employee data found
2025-09-01 16:47:36,237 - WARNING -  * Debugger is active!
2025-09-01 16:47:36,241 - INFO -  * Debugger PIN: 351-419-600
2025-09-01 16:47:38,271 - INFO -  * Detected change in 'c:\\Users\\rosedangol\\Documents\\Python-Assignment\\Day3\\challenging.py', reloading
2025-09-01 16:47:38,322 - INFO -  * Restarting with stat
2025-09-01 16:47:38,854 - INFO - No existing employee data found
2025-09-01 16:47:38,882 - WARNING -  * Debugger is active!
2025-09-01 16:47:38,887 - INFO -  * Debugger PIN: 351-419-600
2025-09-01 16:48:56,571 - INFO -  * Detected change in 'c:\\Users\\rosedangol\\Documents\\Python-Assignment\\Day3\\challenging.py', reloading
2025-09-01 16:48:56,611 - INFO -  * Restarting with stat
2025-09-01 16:48:57,037 - INFO - No existing employee data found
2025-09-01 16:48:57,057 - WARNING -  * Debugger is active!
2025-09-01 16:48:57,062 - INFO -  * Debugger PIN: 351-419-600
2025-09-01 16:48:58,092 - INFO -  * Detected change in 'c:\\Users\\rosedangol\\Documents\\Python-Assignment\\Day3\\challenging.py', reloading
2025-09-01 16:48:58,131 - INFO -  * Restarting with stat
2025-09-01 16:48:58,518 - INFO - No existing employee data found
2025-09-01 16:48:58,538 - WARNING -  * Debugger is active!
2025-09-01 16:48:58,542 - INFO -  * Debugger PIN: 351-419-600
2025-09-01 16:49:15,704 - INFO -  * Detected change in 'c:\\Users\\rosedangol\\Documents\\Python-Assignment\\Day3\\challenging.py', reloading
2025-09-01 16:49:15,742 - INFO -  * Restarting with stat
2025-09-01 16:49:16,175 - INFO - No existing employee data found
2025-09-01 16:49:16,194 - WARNING -  * Debugger is active!
2025-09-01 16:49:16,199 - INFO -  * Debugger PIN: 351-419-600
2025-09-01 16:49:17,227 - INFO -  * Detected change in 'c:\\Users\\rosedangol\\Documents\\Python-Assignment\\Day3\\challenging.py', reloading
2025-09-01 16:49:17,392 - INFO -  * Restarting with stat
2025-09-01 16:49:17,902 - INFO - No existing employee data found
2025-09-01 16:49:17,920 - WARNING -  * Debugger is active!
2025-09-01 16:49:17,923 - INFO -  * Debugger PIN: 351-419-600
2025-09-01 16:49:18,948 - INFO -  * Detected change in 'c:\\Users\\rosedangol\\Documents\\Python-Assignment\\Day3\\challenging.py', reloading
2025-09-01 16:49:19,036 - INFO -  * Restarting with stat
2025-09-01 16:49:19,563 - INFO - No existing employee data found
2025-09-01 16:49:19,582 - WARNING -  * Debugger is active!
2025-09-01 16:49:19,586 - INFO -  * Debugger PIN: 351-419-600
2025-09-01 16:49:23,642 - INFO -  * Detected change in 'c:\\Users\\rosedangol\\Documents\\Python-Assignment\\Day3\\challenging.py', reloading
2025-09-01 16:49:23,689 - INFO -  * Restarting with stat
2025-09-01 16:49:24,167 - INFO - No existing employee data found
2025-09-01 16:49:24,205 - WARNING -  * Debugger is active!
2025-09-01 16:49:24,210 - INFO -  * Debugger PIN: 351-419-600
2025-09-01 16:49:38,347 - INFO -  * Detected change in 'c:\\Users\\rosedangol\\Documents\\Python-Assignment\\Day3\\challenging.py', reloading
2025-09-01 16:49:38,451 - INFO -  * Restarting with stat
2025-09-01 16:49:39,084 - INFO - No existing employee data found
2025-09-01 16:49:39,127 - WARNING -  * Debugger is active!
2025-09-01 16:49:39,134 - INFO -  * Debugger PIN: 351-419-600
2025-09-01 16:49:40,185 - INFO -  * Detected change in 'c:\\Users\\rosedangol\\Documents\\Python-Assignment\\Day3\\challenging.py', reloading
2025-09-01 16:49:40,269 - INFO -  * Restarting with stat
2025-09-01 16:49:40,823 - INFO - No existing employee data found
2025-09-01 16:49:40,843 - WARNING -  * Debugger is active!
2025-09-01 16:49:40,848 - INFO -  * Debugger PIN: 351-419-600
2025-09-01 16:49:41,887 - INFO -  * Detected change in 'c:\\Users\\rosedangol\\Documents\\Python-Assignment\\Day3\\challenging.py', reloading
2025-09-01 16:49:41,936 - INFO -  * Restarting with stat
2025-09-01 16:49:42,433 - INFO - No existing employee data found
2025-09-01 16:49:42,464 - WARNING -  * Debugger is active!
2025-09-01 16:49:42,469 - INFO -  * Debugger PIN: 351-419-600
2025-09-01 16:49:43,512 - INFO -  * Detected change in 'c:\\Users\\rosedangol\\Documents\\Python-Assignment\\Day3\\challenging.py', reloading
2025-09-01 16:49:43,564 - INFO -  * Restarting with stat
2025-09-01 16:49:44,073 - INFO - No existing employee data found
2025-09-01 16:49:44,103 - WARNING -  * Debugger is active!
2025-09-01 16:49:44,110 - INFO -  * Debugger PIN: 351-419-600
2025-09-01 16:49:54,202 - INFO -  * Detected change in 'c:\\Users\\rosedangol\\Documents\\Python-Assignment\\Day3\\challenging.py', reloading
2025-09-01 16:49:54,245 - INFO -  * Restarting with stat
2025-09-01 16:49:54,883 - INFO - No existing employee data found
2025-09-01 16:49:54,901 - WARNING -  * Debugger is active!
2025-09-01 16:49:54,905 - INFO -  * Debugger PIN: 351-419-600
2025-09-01 16:49:55,933 - INFO -  * Detected change in 'c:\\Users\\rosedangol\\Documents\\Python-Assignment\\Day3\\challenging.py', reloading
2025-09-01 16:49:55,985 - INFO -  * Restarting with stat
2025-09-01 16:49:56,389 - INFO - No existing employee data found
2025-09-01 16:49:56,406 - WARNING -  * Debugger is active!
2025-09-01 16:49:56,411 - INFO -  * Debugger PIN: 351-419-600
2025-09-01 16:49:57,435 - INFO -  * Detected change in 'c:\\Users\\rosedangol\\Documents\\Python-Assignment\\Day3\\challenging.py', reloading
2025-09-01 16:49:57,478 - INFO -  * Restarting with stat
2025-09-01 16:49:57,935 - INFO - No existing employee data found
2025-09-01 16:49:57,958 - WARNING -  * Debugger is active!
2025-09-01 16:49:57,964 - INFO -  * Debugger PIN: 351-419-600
2025-09-01 16:49:59,007 - INFO -  * Detected change in 'c:\\Users\\rosedangol\\Documents\\Python-Assignment\\Day3\\challenging.py', reloading
2025-09-01 16:49:59,073 - INFO -  * Restarting with stat
2025-09-01 16:49:59,630 - INFO - No existing employee data found
2025-09-01 16:49:59,655 - WARNING -  * Debugger is active!
2025-09-01 16:49:59,663 - INFO -  * Debugger PIN: 351-419-600
2025-09-01 16:50:05,748 - INFO -  * Detected change in 'c:\\Users\\rosedangol\\Documents\\Python-Assignment\\Day3\\challenging.py', reloading
2025-09-01 16:50:05,935 - INFO -  * Restarting with stat
2025-09-01 16:50:06,589 - INFO - No existing employee data found
2025-09-01 16:50:06,618 - WARNING -  * Debugger is active!
2025-09-01 16:50:06,625 - INFO -  * Debugger PIN: 351-419-600
2025-09-01 16:50:08,664 - INFO -  * Detected change in 'c:\\Users\\rosedangol\\Documents\\Python-Assignment\\Day3\\challenging.py', reloading
2025-09-01 16:50:08,708 - INFO -  * Restarting with stat
2025-09-01 16:50:09,115 - INFO - No existing employee data found
2025-09-01 16:50:09,133 - WARNING -  * Debugger is active!
2025-09-01 16:50:09,138 - INFO -  * Debugger PIN: 351-419-600
2025-09-01 16:50:10,172 - INFO -  * Detected change in 'c:\\Users\\rosedangol\\Documents\\Python-Assignment\\Day3\\challenging.py', reloading
2025-09-01 16:50:10,218 - INFO -  * Restarting with stat
2025-09-01 16:50:10,612 - INFO - No existing employee data found
2025-09-01 16:50:10,630 - WARNING -  * Debugger is active!
2025-09-01 16:50:10,635 - INFO -  * Debugger PIN: 351-419-600
2025-09-01 16:50:11,658 - INFO -  * Detected change in 'c:\\Users\\rosedangol\\Documents\\Python-Assignment\\Day3\\challenging.py', reloading
2025-09-01 16:50:11,700 - INFO -  * Restarting with stat
2025-09-01 16:50:12,225 - INFO - No existing employee data found
2025-09-01 16:50:12,250 - WARNING -  * Debugger is active!
2025-09-01 16:50:12,256 - INFO -  * Debugger PIN: 351-419-600
2025-09-01 16:50:13,311 - INFO -  * Detected change in 'c:\\Users\\rosedangol\\Documents\\Python-Assignment\\Day3\\challenging.py', reloading
2025-09-01 16:50:13,352 - INFO -  * Restarting with stat
2025-09-01 16:50:13,791 - INFO - No existing employee data found
2025-09-01 16:50:13,809 - WARNING -  * Debugger is active!
2025-09-01 16:50:13,813 - INFO -  * Debugger PIN: 351-419-600
2025-09-01 16:50:15,850 - INFO -  * Detected change in 'c:\\Users\\rosedangol\\Documents\\Python-Assignment\\Day3\\challenging.py', reloading
2025-09-01 16:50:15,889 - INFO -  * Restarting with stat
2025-09-01 16:50:16,298 - INFO - No existing employee data found
2025-09-01 16:50:16,320 - WARNING -  * Debugger is active!
2025-09-01 16:50:16,324 - INFO -  * Debugger PIN: 351-419-600
2025-09-01 16:50:17,352 - INFO -  * Detected change in 'c:\\Users\\rosedangol\\Documents\\Python-Assignment\\Day3\\challenging.py', reloading
2025-09-01 16:50:17,402 - INFO -  * Restarting with stat
2025-09-01 16:50:17,804 - INFO - No existing employee data found
2025-09-01 16:50:17,822 - WARNING -  * Debugger is active!
2025-09-01 16:50:17,826 - INFO -  * Debugger PIN: 351-419-600
2025-09-01 16:50:18,856 - INFO -  * Detected change in 'c:\\Users\\rosedangol\\Documents\\Python-Assignment\\Day3\\challenging.py', reloading
2025-09-01 16:50:18,896 - INFO -  * Restarting with stat
2025-09-01 16:50:19,349 - INFO - No existing employee data found
2025-09-01 16:50:19,367 - WARNING -  * Debugger is active!
2025-09-01 16:50:19,371 - INFO -  * Debugger PIN: 351-419-600
2025-09-01 16:50:20,407 - INFO -  * Detected change in 'c:\\Users\\rosedangol\\Documents\\Python-Assignment\\Day3\\challenging.py', reloading
2025-09-01 16:50:20,485 - INFO -  * Restarting with stat
2025-09-01 16:50:21,033 - INFO - No existing employee data found
2025-09-01 16:50:21,052 - WARNING -  * Debugger is active!
2025-09-01 16:50:21,056 - INFO -  * Debugger PIN: 351-419-600
2025-09-01 16:50:22,080 - INFO -  * Detected change in 'c:\\Users\\rosedangol\\Documents\\Python-Assignment\\Day3\\challenging.py', reloading
2025-09-01 16:50:22,178 - INFO -  * Restarting with stat
2025-09-01 16:50:22,784 - INFO - No existing employee data found
2025-09-01 16:50:22,823 - WARNING -  * Debugger is active!
2025-09-01 16:50:22,831 - INFO -  * Debugger PIN: 351-419-600
2025-09-01 16:50:49,097 - INFO -  * Detected change in 'c:\\Users\\rosedangol\\Documents\\Python-Assignment\\Day3\\challenging.py', reloading
2025-09-01 16:50:49,169 - INFO -  * Restarting with stat
2025-09-01 16:50:49,986 - INFO - No existing employee data found
2025-09-01 16:50:50,023 - WARNING -  * Debugger is active!
2025-09-01 16:50:50,030 - INFO -  * Debugger PIN: 351-419-600
2025-09-01 16:51:00,150 - INFO -  * Detected change in 'c:\\Users\\rosedangol\\Documents\\Python-Assignment\\Day3\\challenging.py', reloading
2025-09-01 16:51:00,195 - INFO -  * Restarting with stat
2025-09-01 16:51:00,680 - INFO - No existing employee data found
2025-09-01 16:51:00,698 - WARNING -  * Debugger is active!
2025-09-01 16:51:00,701 - INFO -  * Debugger PIN: 351-419-600
2025-09-01 16:51:06,760 - INFO -  * Detected change in 'c:\\Users\\rosedangol\\Documents\\Python-Assignment\\Day3\\challenging.py', reloading
2025-09-01 16:51:06,829 - INFO -  * Restarting with stat
2025-09-01 16:51:07,392 - INFO - No existing employee data found
2025-09-01 16:51:07,416 - WARNING -  * Debugger is active!
2025-09-01 16:51:07,423 - INFO -  * Debugger PIN: 351-419-600
2025-09-01 16:51:15,509 - INFO -  * Detected change in 'c:\\Users\\rosedangol\\Documents\\Python-Assignment\\Day3\\challenging.py', reloading
2025-09-01 16:51:15,580 - INFO -  * Restarting with stat
2025-09-01 16:51:16,247 - INFO - No existing employee data found
2025-09-01 16:51:16,273 - WARNING -  * Debugger is active!
2025-09-01 16:51:16,278 - INFO -  * Debugger PIN: 351-419-600
2025-09-01 16:51:18,321 - INFO -  * Detected change in 'c:\\Users\\rosedangol\\Documents\\Python-Assignment\\Day3\\challenging.py', reloading
2025-09-01 16:51:18,363 - INFO -  * Restarting with stat
2025-09-01 16:51:18,860 - INFO - No existing employee data found
2025-09-01 16:51:18,881 - WARNING -  * Debugger is active!
2025-09-01 16:51:18,889 - INFO -  * Debugger PIN: 351-419-600
2025-09-01 16:51:19,927 - INFO -  * Detected change in 'c:\\Users\\rosedangol\\Documents\\Python-Assignment\\Day3\\challenging.py', reloading
2025-09-01 16:51:19,988 - INFO -  * Restarting with stat
2025-09-01 16:51:20,507 - INFO - No existing employee data found
2025-09-01 16:51:20,534 - WARNING -  * Debugger is active!
2025-09-01 16:51:20,540 - INFO -  * Debugger PIN: 351-419-600
2025-09-01 16:51:45,815 - INFO -  * Detected change in 'c:\\Users\\rosedangol\\Documents\\Python-Assignment\\Day3\\challenging.py', reloading
2025-09-01 16:51:45,870 - INFO -  * Restarting with stat
2025-09-01 16:51:46,692 - INFO - No existing employee data found
2025-09-01 16:51:46,728 - WARNING -  * Debugger is active!
2025-09-01 16:51:46,738 - INFO -  * Debugger PIN: 351-419-600
2025-09-01 16:51:55,834 - INFO -  * Detected change in 'c:\\Users\\rosedangol\\Documents\\Python-Assignment\\Day3\\challenging.py', reloading
2025-09-01 16:51:55,877 - INFO -  * Restarting with stat
2025-09-01 16:51:56,397 - INFO - No existing employee data found
2025-09-01 16:51:56,416 - WARNING -  * Debugger is active!
2025-09-01 16:51:56,421 - INFO -  * Debugger PIN: 351-419-600
2025-09-01 16:51:57,449 - INFO -  * Detected change in 'c:\\Users\\rosedangol\\Documents\\Python-Assignment\\Day3\\challenging.py', reloading
2025-09-01 16:51:57,487 - INFO -  * Restarting with stat
2025-09-01 16:51:57,895 - INFO - No existing employee data found
2025-09-01 16:51:57,915 - WARNING -  * Debugger is active!
2025-09-01 16:51:57,920 - INFO -  * Debugger PIN: 351-419-600
2025-09-01 16:52:01,970 - INFO -  * Detected change in 'c:\\Users\\rosedangol\\Documents\\Python-Assignment\\Day3\\challenging.py', reloading
2025-09-01 16:52:02,015 - INFO -  * Restarting with stat
2025-09-01 16:52:02,434 - INFO - No existing employee data found
2025-09-01 16:52:02,453 - WARNING -  * Debugger is active!
2025-09-01 16:52:02,456 - INFO -  * Debugger PIN: 351-419-600
2025-09-01 16:52:03,480 - INFO -  * Detected change in 'c:\\Users\\rosedangol\\Documents\\Python-Assignment\\Day3\\challenging.py', reloading
2025-09-01 16:52:03,520 - INFO -  * Restarting with stat
2025-09-01 16:52:03,949 - INFO - No existing employee data found
2025-09-01 16:52:03,976 - WARNING -  * Debugger is active!
2025-09-01 16:52:03,982 - INFO -  * Debugger PIN: 351-419-600
2025-09-01 16:52:05,012 - INFO -  * Detected change in 'c:\\Users\\rosedangol\\Documents\\Python-Assignment\\Day3\\challenging.py', reloading
2025-09-01 16:52:05,102 - INFO -  * Restarting with stat
2025-09-01 16:52:05,568 - INFO - No existing employee data found
2025-09-01 16:52:05,595 - WARNING -  * Debugger is active!
2025-09-01 16:52:05,601 - INFO -  * Debugger PIN: 351-419-600
2025-09-01 16:52:06,638 - INFO -  * Detected change in 'c:\\Users\\rosedangol\\Documents\\Python-Assignment\\Day3\\challenging.py', reloading
2025-09-01 16:52:06,716 - INFO -  * Restarting with stat
2025-09-01 16:52:07,129 - INFO - No existing employee data found
2025-09-01 16:52:07,162 - WARNING -  * Debugger is active!
2025-09-01 16:52:07,166 - INFO -  * Debugger PIN: 351-419-600
2025-09-01 16:52:09,207 - INFO -  * Detected change in 'c:\\Users\\rosedangol\\Documents\\Python-Assignment\\Day3\\challenging.py', reloading
2025-09-01 16:52:09,277 - INFO -  * Restarting with stat
2025-09-01 16:52:09,715 - INFO - No existing employee data found
2025-09-01 16:52:09,732 - WARNING -  * Debugger is active!
2025-09-01 16:52:09,736 - INFO -  * Debugger PIN: 351-419-600
2025-09-01 16:52:12,799 - INFO -  * Detected change in 'c:\\Users\\rosedangol\\Documents\\Python-Assignment\\Day3\\challenging.py', reloading
2025-09-01 16:52:12,851 - INFO -  * Restarting with stat
2025-09-01 16:52:13,322 - INFO - No existing employee data found
2025-09-01 16:52:13,347 - WARNING -  * Debugger is active!
2025-09-01 16:52:13,351 - INFO -  * Debugger PIN: 351-419-600
2025-09-01 16:52:14,374 - INFO -  * Detected change in 'c:\\Users\\rosedangol\\Documents\\Python-Assignment\\Day3\\challenging.py', reloading
2025-09-01 16:52:14,425 - INFO -  * Restarting with stat
2025-09-01 16:52:14,911 - INFO - No existing employee data found
2025-09-01 16:52:14,932 - WARNING -  * Debugger is active!
2025-09-01 16:52:14,936 - INFO -  * Debugger PIN: 351-419-600
2025-09-01 16:52:15,970 - INFO -  * Detected change in 'c:\\Users\\rosedangol\\Documents\\Python-Assignment\\Day3\\challenging.py', reloading
2025-09-01 16:52:16,019 - INFO -  * Restarting with stat
2025-09-01 16:52:16,443 - INFO - No existing employee data found
2025-09-01 16:52:16,469 - WARNING -  * Debugger is active!
2025-09-01 16:52:16,473 - INFO -  * Debugger PIN: 351-419-600
2025-09-01 16:52:24,564 - INFO -  * Detected change in 'c:\\Users\\rosedangol\\Documents\\Python-Assignment\\Day3\\challenging.py', reloading
2025-09-01 16:52:24,604 - INFO -  * Restarting with stat
2025-09-01 16:52:25,053 - INFO - No existing employee data found
2025-09-01 16:52:25,074 - WARNING -  * Debugger is active!
2025-09-01 16:52:25,080 - INFO -  * Debugger PIN: 351-419-600
2025-09-01 16:52:26,129 - INFO -  * Detected change in 'c:\\Users\\rosedangol\\Documents\\Python-Assignment\\Day3\\challenging.py', reloading
2025-09-01 16:52:26,168 - INFO -  * Restarting with stat
2025-09-01 16:52:26,589 - INFO - No existing employee data found
2025-09-01 16:52:26,607 - WARNING -  * Debugger is active!
2025-09-01 16:52:26,611 - INFO -  * Debugger PIN: 351-419-600
2025-09-01 16:52:28,642 - INFO -  * Detected change in 'c:\\Users\\rosedangol\\Documents\\Python-Assignment\\Day3\\challenging.py', reloading
2025-09-01 16:52:28,688 - INFO -  * Restarting with stat
2025-09-01 16:52:29,098 - INFO - No existing employee data found
2025-09-01 16:52:29,116 - WARNING -  * Debugger is active!
2025-09-01 16:52:29,120 - INFO -  * Debugger PIN: 351-419-600
2025-09-01 16:52:31,170 - INFO -  * Detected change in 'c:\\Users\\rosedangol\\Documents\\Python-Assignment\\Day3\\challenging.py', reloading
2025-09-01 16:52:31,209 - INFO -  * Restarting with stat
2025-09-01 16:52:31,651 - INFO - No existing employee data found
2025-09-01 16:52:31,668 - WARNING -  * Debugger is active!
2025-09-01 16:52:31,673 - INFO -  * Debugger PIN: 351-419-600
2025-09-01 16:52:32,698 - INFO -  * Detected change in 'c:\\Users\\rosedangol\\Documents\\Python-Assignment\\Day3\\challenging.py', reloading
2025-09-01 16:52:32,801 - INFO -  * Restarting with stat
2025-09-01 16:52:33,332 - INFO - No existing employee data found
2025-09-01 16:52:33,348 - WARNING -  * Debugger is active!
2025-09-01 16:52:33,353 - INFO -  * Debugger PIN: 351-419-600
2025-09-01 16:52:35,396 - INFO -  * Detected change in 'c:\\Users\\rosedangol\\Documents\\Python-Assignment\\Day3\\challenging.py', reloading
2025-09-01 16:52:35,436 - INFO -  * Restarting with stat
2025-09-01 16:52:35,873 - INFO - No existing employee data found
2025-09-01 16:52:35,891 - WARNING -  * Debugger is active!
2025-09-01 16:52:35,895 - INFO -  * Debugger PIN: 351-419-600
2025-09-01 16:52:37,927 - INFO -  * Detected change in 'c:\\Users\\rosedangol\\Documents\\Python-Assignment\\Day3\\challenging.py', reloading
2025-09-01 16:52:37,970 - INFO -  * Restarting with stat
2025-09-01 16:52:38,381 - INFO - No existing employee data found
2025-09-01 16:52:38,400 - WARNING -  * Debugger is active!
2025-09-01 16:52:38,405 - INFO -  * Debugger PIN: 351-419-600
2025-09-01 16:52:39,427 - INFO -  * Detected change in 'c:\\Users\\rosedangol\\Documents\\Python-Assignment\\Day3\\challenging.py', reloading
2025-09-01 16:52:39,510 - INFO -  * Restarting with stat
2025-09-01 16:52:39,996 - INFO - No existing employee data found
2025-09-01 16:52:40,019 - WARNING -  * Debugger is active!
2025-09-01 16:52:40,024 - INFO -  * Debugger PIN: 351-419-600
2025-09-01 16:52:41,054 - INFO -  * Detected change in 'c:\\Users\\rosedangol\\Documents\\Python-Assignment\\Day3\\challenging.py', reloading
2025-09-01 16:52:41,144 - INFO -  * Restarting with stat
2025-09-01 16:52:41,545 - INFO - No existing employee data found
2025-09-01 16:52:41,571 - WARNING -  * Debugger is active!
2025-09-01 16:52:41,575 - INFO -  * Debugger PIN: 351-419-600
2025-09-01 16:52:44,624 - INFO -  * Detected change in 'c:\\Users\\rosedangol\\Documents\\Python-Assignment\\Day3\\challenging.py', reloading
2025-09-01 16:52:44,706 - INFO -  * Restarting with stat
2025-09-01 16:52:45,250 - INFO - No existing employee data found
2025-09-01 16:52:45,269 - WARNING -  * Debugger is active!
2025-09-01 16:52:45,273 - INFO -  * Debugger PIN: 351-419-600
2025-09-01 16:52:46,301 - INFO -  * Detected change in 'c:\\Users\\rosedangol\\Documents\\Python-Assignment\\Day3\\challenging.py', reloading
2025-09-01 16:52:46,339 - INFO -  * Restarting with stat
2025-09-01 16:52:46,746 - INFO - No existing employee data found
2025-09-01 16:52:46,767 - WARNING -  * Debugger is active!
2025-09-01 16:52:46,772 - INFO -  * Debugger PIN: 351-419-600
2025-09-01 16:52:47,796 - INFO -  * Detected change in 'c:\\Users\\rosedangol\\Documents\\Python-Assignment\\Day3\\challenging.py', reloading
2025-09-01 16:52:47,870 - INFO -  * Restarting with stat
2025-09-01 16:52:48,273 - INFO - No existing employee data found
2025-09-01 16:52:48,308 - WARNING -  * Debugger is active!
2025-09-01 16:52:48,314 - INFO -  * Debugger PIN: 351-419-600
2025-09-01 16:52:49,358 - INFO -  * Detected change in 'c:\\Users\\rosedangol\\Documents\\Python-Assignment\\Day3\\challenging.py', reloading
2025-09-01 16:52:49,410 - INFO -  * Restarting with stat
2025-09-01 16:52:49,831 - INFO - No existing employee data found
2025-09-01 16:52:49,859 - WARNING -  * Debugger is active!
2025-09-01 16:52:49,865 - INFO -  * Debugger PIN: 351-419-600
2025-09-01 16:52:50,900 - INFO -  * Detected change in 'c:\\Users\\rosedangol\\Documents\\Python-Assignment\\Day3\\challenging.py', reloading
2025-09-01 16:52:51,001 - INFO -  * Restarting with stat
2025-09-01 16:52:51,575 - INFO - No existing employee data found
2025-09-01 16:52:51,592 - WARNING -  * Debugger is active!
2025-09-01 16:52:51,597 - INFO -  * Debugger PIN: 351-419-600
2025-09-01 16:52:52,639 - INFO -  * Detected change in 'c:\\Users\\rosedangol\\Documents\\Python-Assignment\\Day3\\challenging.py', reloading
2025-09-01 16:52:52,688 - INFO -  * Restarting with stat
2025-09-01 16:52:53,093 - INFO - No existing employee data found
2025-09-01 16:52:53,110 - WARNING -  * Debugger is active!
2025-09-01 16:52:53,115 - INFO -  * Debugger PIN: 351-419-600
2025-09-01 16:52:56,163 - INFO -  * Detected change in 'c:\\Users\\rosedangol\\Documents\\Python-Assignment\\Day3\\challenging.py', reloading
2025-09-01 16:52:56,213 - INFO -  * Restarting with stat
2025-09-01 16:52:56,679 - INFO - No existing employee data found
2025-09-01 16:52:56,698 - WARNING -  * Debugger is active!
2025-09-01 16:52:56,702 - INFO -  * Debugger PIN: 351-419-600
2025-09-01 16:52:58,745 - INFO -  * Detected change in 'c:\\Users\\rosedangol\\Documents\\Python-Assignment\\Day3\\challenging.py', reloading
2025-09-01 16:52:58,785 - INFO -  * Restarting with stat
2025-09-01 16:52:59,189 - INFO - No existing employee data found
2025-09-01 16:52:59,208 - WARNING -  * Debugger is active!
2025-09-01 16:52:59,212 - INFO -  * Debugger PIN: 351-419-600
2025-09-01 16:53:01,248 - INFO -  * Detected change in 'c:\\Users\\rosedangol\\Documents\\Python-Assignment\\Day3\\challenging.py', reloading
2025-09-01 16:53:01,327 - INFO -  * Restarting with stat
2025-09-01 16:53:01,861 - INFO - No existing employee data found
2025-09-01 16:53:01,890 - WARNING -  * Debugger is active!
2025-09-01 16:53:01,897 - INFO -  * Debugger PIN: 351-419-600
2025-09-01 16:53:02,956 - INFO -  * Detected change in 'c:\\Users\\rosedangol\\Documents\\Python-Assignment\\Day3\\challenging.py', reloading
2025-09-01 16:53:03,041 - INFO -  * Restarting with stat
2025-09-01 16:53:03,555 - INFO - No existing employee data found
2025-09-01 16:53:03,573 - WARNING -  * Debugger is active!
2025-09-01 16:53:03,577 - INFO -  * Debugger PIN: 351-419-600
2025-09-01 16:53:04,615 - INFO -  * Detected change in 'c:\\Users\\rosedangol\\Documents\\Python-Assignment\\Day3\\challenging.py', reloading
2025-09-01 16:53:04,664 - INFO -  * Restarting with stat
2025-09-01 16:53:05,129 - INFO - No existing employee data found
2025-09-01 16:53:05,149 - WARNING -  * Debugger is active!
2025-09-01 16:53:05,153 - INFO -  * Debugger PIN: 351-419-600
2025-09-01 16:53:09,228 - INFO -  * Detected change in 'c:\\Users\\rosedangol\\Documents\\Python-Assignment\\Day3\\challenging.py', reloading
2025-09-01 16:53:09,317 - INFO -  * Restarting with stat
2025-09-01 16:53:09,890 - INFO - No existing employee data found
2025-09-01 16:53:09,914 - WARNING -  * Debugger is active!
2025-09-01 16:53:09,920 - INFO -  * Debugger PIN: 351-419-600
2025-09-01 16:53:10,961 - INFO -  * Detected change in 'c:\\Users\\rosedangol\\Documents\\Python-Assignment\\Day3\\challenging.py', reloading
2025-09-01 16:53:11,008 - INFO -  * Restarting with stat
2025-09-01 16:53:11,449 - INFO - No existing employee data found
2025-09-01 16:53:11,470 - WARNING -  * Debugger is active!
2025-09-01 16:53:11,474 - INFO -  * Debugger PIN: 351-419-600
2025-09-01 16:53:16,537 - INFO -  * Detected change in 'c:\\Users\\rosedangol\\Documents\\Python-Assignment\\Day3\\challenging.py', reloading
2025-09-01 16:53:16,628 - INFO -  * Restarting with stat
2025-09-01 16:53:17,149 - INFO - No existing employee data found
2025-09-01 16:53:17,167 - WARNING -  * Debugger is active!
2025-09-01 16:53:17,170 - INFO -  * Debugger PIN: 351-419-600
2025-09-01 16:53:18,194 - INFO -  * Detected change in 'c:\\Users\\rosedangol\\Documents\\Python-Assignment\\Day3\\challenging.py', reloading
2025-09-01 16:53:18,239 - INFO -  * Restarting with stat
2025-09-01 16:53:18,641 - INFO - No existing employee data found
2025-09-01 16:53:18,657 - WARNING -  * Debugger is active!
2025-09-01 16:53:18,662 - INFO -  * Debugger PIN: 351-419-600
2025-09-01 16:53:20,695 - INFO -  * Detected change in 'c:\\Users\\rosedangol\\Documents\\Python-Assignment\\Day3\\challenging.py', reloading
2025-09-01 16:53:20,735 - INFO -  * Restarting with stat
2025-09-01 16:53:21,197 - INFO - No existing employee data found
2025-09-01 16:53:21,218 - WARNING -  * Debugger is active!
2025-09-01 16:53:21,223 - INFO -  * Debugger PIN: 351-419-600
2025-09-01 16:53:22,249 - INFO -  * Detected change in 'c:\\Users\\rosedangol\\Documents\\Python-Assignment\\Day3\\challenging.py', reloading
2025-09-01 16:53:22,290 - INFO -  * Restarting with stat
2025-09-01 16:53:22,716 - INFO - No existing employee data found
2025-09-01 16:53:22,735 - WARNING -  * Debugger is active!
2025-09-01 16:53:22,739 - INFO -  * Debugger PIN: 351-419-600
2025-09-01 16:53:39,884 - INFO -  * Detected change in 'c:\\Users\\rosedangol\\Documents\\Python-Assignment\\Day3\\challenging.py', reloading
2025-09-01 16:53:39,928 - INFO -  * Restarting with stat
2025-09-01 16:53:40,343 - INFO - No existing employee data found
2025-09-01 16:53:40,367 - WARNING -  * Debugger is active!
2025-09-01 16:53:40,371 - INFO -  * Debugger PIN: 351-419-600
2025-09-01 16:53:41,399 - INFO -  * Detected change in 'c:\\Users\\rosedangol\\Documents\\Python-Assignment\\Day3\\challenging.py', reloading
2025-09-01 16:53:41,536 - INFO -  * Restarting with stat
2025-09-01 16:53:42,095 - INFO - No existing employee data found
2025-09-01 16:53:42,121 - WARNING -  * Debugger is active!
2025-09-01 16:53:42,126 - INFO -  * Debugger PIN: 351-419-600
2025-09-01 16:53:43,154 - INFO -  * Detected change in 'c:\\Users\\rosedangol\\Documents\\Python-Assignment\\Day3\\challenging.py', reloading
2025-09-01 16:53:43,196 - INFO -  * Restarting with stat
2025-09-01 16:53:43,649 - INFO - No existing employee data found
2025-09-01 16:53:43,676 - WARNING -  * Debugger is active!
2025-09-01 16:53:43,682 - INFO -  * Debugger PIN: 351-419-600
2025-09-01 16:53:46,725 - INFO -  * Detected change in 'c:\\Users\\rosedangol\\Documents\\Python-Assignment\\Day3\\challenging.py', reloading
2025-09-01 16:53:46,783 - INFO -  * Restarting with stat
2025-09-01 16:53:47,217 - INFO - No existing employee data found
2025-09-01 16:53:47,251 - WARNING -  * Debugger is active!
2025-09-01 16:53:47,257 - INFO -  * Debugger PIN: 351-419-600
2025-09-01 16:53:51,314 - INFO -  * Detected change in 'c:\\Users\\rosedangol\\Documents\\Python-Assignment\\Day3\\challenging.py', reloading
2025-09-01 16:53:51,455 - INFO -  * Restarting with stat
2025-09-01 16:53:52,054 - INFO - No existing employee data found
2025-09-01 16:53:52,077 - WARNING -  * Debugger is active!
2025-09-01 16:53:52,080 - INFO -  * Debugger PIN: 351-419-600
2025-09-01 16:53:53,113 - INFO -  * Detected change in 'c:\\Users\\rosedangol\\Documents\\Python-Assignment\\Day3\\challenging.py', reloading
2025-09-01 16:53:53,157 - INFO -  * Restarting with stat
2025-09-01 16:53:53,558 - INFO - No existing employee data found
2025-09-01 16:53:53,576 - WARNING -  * Debugger is active!
2025-09-01 16:53:53,580 - INFO -  * Debugger PIN: 351-419-600
2025-09-01 16:53:54,605 - INFO -  * Detected change in 'c:\\Users\\rosedangol\\Documents\\Python-Assignment\\Day3\\challenging.py', reloading
2025-09-01 16:53:54,690 - INFO -  * Restarting with stat
2025-09-01 16:53:55,360 - INFO - No existing employee data found
2025-09-01 16:53:55,380 - WARNING -  * Debugger is active!
2025-09-01 16:53:55,384 - INFO -  * Debugger PIN: 351-419-600
2025-09-01 16:53:56,426 - INFO -  * Detected change in 'c:\\Users\\rosedangol\\Documents\\Python-Assignment\\Day3\\challenging.py', reloading
2025-09-01 16:53:56,504 - INFO -  * Restarting with stat
2025-09-01 16:53:57,075 - INFO - No existing employee data found
2025-09-01 16:53:57,104 - WARNING -  * Debugger is active!
2025-09-01 16:53:57,109 - INFO -  * Debugger PIN: 351-419-600
2025-09-01 16:53:58,144 - INFO -  * Detected change in 'c:\\Users\\rosedangol\\Documents\\Python-Assignment\\Day3\\challenging.py', reloading
2025-09-01 16:53:58,193 - INFO -  * Restarting with stat
2025-09-01 16:53:58,637 - INFO - No existing employee data found
2025-09-01 16:53:58,664 - WARNING -  * Debugger is active!
2025-09-01 16:53:58,671 - INFO -  * Debugger PIN: 351-419-600
2025-09-01 16:53:59,717 - INFO -  * Detected change in 'c:\\Users\\rosedangol\\Documents\\Python-Assignment\\Day3\\challenging.py', reloading
2025-09-01 16:53:59,761 - INFO -  * Restarting with stat
2025-09-01 16:54:00,164 - INFO - No existing employee data found
2025-09-01 16:54:00,182 - WARNING -  * Debugger is active!
2025-09-01 16:54:00,187 - INFO -  * Debugger PIN: 351-419-600
2025-09-01 16:54:12,318 - INFO -  * Detected change in 'c:\\Users\\rosedangol\\Documents\\Python-Assignment\\Day3\\challenging.py', reloading
2025-09-01 16:54:12,358 - INFO -  * Restarting with stat
2025-09-01 16:54:12,754 - INFO - No existing employee data found
2025-09-01 16:54:12,771 - WARNING -  * Debugger is active!
2025-09-01 16:54:12,776 - INFO -  * Debugger PIN: 351-419-600
2025-09-01 16:54:13,802 - INFO -  * Detected change in 'c:\\Users\\rosedangol\\Documents\\Python-Assignment\\Day3\\challenging.py', reloading
2025-09-01 16:54:13,863 - INFO -  * Restarting with stat
2025-09-01 16:54:14,279 - INFO - No existing employee data found
2025-09-01 16:54:14,298 - WARNING -  * Debugger is active!
2025-09-01 16:54:14,302 - INFO -  * Debugger PIN: 351-419-600
2025-09-01 16:54:16,344 - INFO -  * Detected change in 'c:\\Users\\rosedangol\\Documents\\Python-Assignment\\Day3\\challenging.py', reloading
2025-09-01 16:54:16,385 - INFO -  * Restarting with stat
2025-09-01 16:54:16,964 - INFO - No existing employee data found
2025-09-01 16:54:16,999 - WARNING -  * Debugger is active!
2025-09-01 16:54:17,006 - INFO -  * Debugger PIN: 351-419-600
2025-09-01 16:54:18,037 - INFO -  * Detected change in 'c:\\Users\\rosedangol\\Documents\\Python-Assignment\\Day3\\challenging.py', reloading
2025-09-01 16:54:18,124 - INFO -  * Restarting with stat
2025-09-01 16:54:18,662 - INFO - No existing employee data found
2025-09-01 16:54:18,680 - WARNING -  * Debugger is active!
2025-09-01 16:54:18,684 - INFO -  * Debugger PIN: 351-419-600
2025-09-01 16:54:19,722 - INFO -  * Detected change in 'c:\\Users\\rosedangol\\Documents\\Python-Assignment\\Day3\\challenging.py', reloading
2025-09-01 16:54:19,821 - INFO -  * Restarting with stat
2025-09-01 16:54:20,276 - INFO - No existing employee data found
2025-09-01 16:54:20,296 - WARNING -  * Debugger is active!
2025-09-01 16:54:20,300 - INFO -  * Debugger PIN: 351-419-600
2025-09-01 16:54:22,331 - INFO -  * Detected change in 'c:\\Users\\rosedangol\\Documents\\Python-Assignment\\Day3\\challenging.py', reloading
2025-09-01 16:54:22,383 - INFO -  * Restarting with stat
2025-09-01 16:54:22,847 - INFO - No existing employee data found
2025-09-01 16:54:22,874 - WARNING -  * Debugger is active!
2025-09-01 16:54:22,878 - INFO -  * Debugger PIN: 351-419-600
2025-09-01 16:54:23,905 - INFO -  * Detected change in 'c:\\Users\\rosedangol\\Documents\\Python-Assignment\\Day3\\challenging.py', reloading
2025-09-01 16:54:23,955 - INFO -  * Restarting with stat
2025-09-01 16:54:24,421 - INFO - No existing employee data found
2025-09-01 16:54:24,438 - WARNING -  * Debugger is active!
2025-09-01 16:54:24,442 - INFO -  * Debugger PIN: 351-419-600
2025-09-01 16:54:25,470 - INFO -  * Detected change in 'c:\\Users\\rosedangol\\Documents\\Python-Assignment\\Day3\\challenging.py', reloading
2025-09-01 16:54:25,513 - INFO -  * Restarting with stat
2025-09-01 16:54:25,912 - INFO - No existing employee data found
2025-09-01 16:54:25,930 - WARNING -  * Debugger is active!
2025-09-01 16:54:25,934 - INFO -  * Debugger PIN: 351-419-600
2025-09-01 16:54:26,963 - INFO -  * Detected change in 'c:\\Users\\rosedangol\\Documents\\Python-Assignment\\Day3\\challenging.py', reloading
2025-09-01 16:54:27,001 - INFO -  * Restarting with stat
2025-09-01 16:54:27,414 - INFO - No existing employee data found
2025-09-01 16:54:27,432 - WARNING -  * Debugger is active!
2025-09-01 16:54:27,436 - INFO -  * Debugger PIN: 351-419-600
2025-09-01 16:54:28,473 - INFO -  * Detected change in 'c:\\Users\\rosedangol\\Documents\\Python-Assignment\\Day3\\challenging.py', reloading
2025-09-01 16:54:28,531 - INFO -  * Restarting with stat
2025-09-01 16:54:28,941 - INFO - No existing employee data found
2025-09-01 16:54:28,959 - WARNING -  * Debugger is active!
2025-09-01 16:54:28,963 - INFO -  * Debugger PIN: 351-419-600
2025-09-01 16:54:46,124 - INFO -  * Detected change in 'c:\\Users\\rosedangol\\Documents\\Python-Assignment\\Day3\\challenging.py', reloading
2025-09-01 16:54:46,213 - INFO -  * Restarting with stat
2025-09-01 16:54:46,620 - INFO - No existing employee data found
2025-09-01 16:54:46,637 - WARNING -  * Debugger is active!
2025-09-01 16:54:46,641 - INFO -  * Debugger PIN: 351-419-600
2025-09-01 16:55:13,877 - INFO -  * Detected change in 'c:\\Users\\rosedangol\\Documents\\Python-Assignment\\Day3\\challenging.py', reloading
2025-09-01 16:55:13,975 - INFO -  * Restarting with stat
2025-09-01 16:55:14,452 - INFO - No existing employee data found
2025-09-01 16:55:14,470 - WARNING -  * Debugger is active!
2025-09-01 16:55:14,474 - INFO -  * Debugger PIN: 351-419-600
2025-09-01 16:55:15,502 - INFO -  * Detected change in 'c:\\Users\\rosedangol\\Documents\\Python-Assignment\\Day3\\challenging.py', reloading
2025-09-01 16:55:15,565 - INFO -  * Restarting with stat
2025-09-01 16:55:15,975 - INFO - No existing employee data found
2025-09-01 16:55:16,004 - WARNING -  * Debugger is active!
2025-09-01 16:55:16,009 - INFO -  * Debugger PIN: 351-419-600
2025-09-01 16:55:26,120 - INFO -  * Detected change in 'c:\\Users\\rosedangol\\Documents\\Python-Assignment\\Day3\\challenging.py', reloading
2025-09-01 16:55:26,162 - INFO -  * Restarting with stat
2025-09-01 16:55:26,580 - INFO - No existing employee data found
2025-09-01 16:55:26,598 - WARNING -  * Debugger is active!
2025-09-01 16:55:26,603 - INFO -  * Debugger PIN: 351-419-600
2025-09-01 16:55:36,745 - INFO -  * Detected change in 'c:\\Users\\rosedangol\\Documents\\Python-Assignment\\Day3\\challenging.py', reloading
2025-09-01 16:55:36,790 - INFO -  * Restarting with stat
2025-09-01 16:55:37,190 - INFO - No existing employee data found
2025-09-01 16:55:37,206 - WARNING -  * Debugger is active!
2025-09-01 16:55:37,211 - INFO -  * Debugger PIN: 351-419-600
2025-09-01 16:55:38,254 - INFO -  * Detected change in 'c:\\Users\\rosedangol\\Documents\\Python-Assignment\\Day3\\challenging.py', reloading
2025-09-01 16:55:38,297 - INFO -  * Restarting with stat
2025-09-01 16:55:38,726 - INFO - No existing employee data found
2025-09-01 16:55:38,745 - WARNING -  * Debugger is active!
2025-09-01 16:55:38,750 - INFO -  * Debugger PIN: 351-419-600
2025-09-01 16:55:39,772 - INFO -  * Detected change in 'c:\\Users\\rosedangol\\Documents\\Python-Assignment\\Day3\\challenging.py', reloading
2025-09-01 16:55:39,812 - INFO -  * Restarting with stat
2025-09-01 16:55:40,270 - INFO - No existing employee data found
2025-09-01 16:55:40,287 - WARNING -  * Debugger is active!
2025-09-01 16:55:40,291 - INFO -  * Debugger PIN: 351-419-600
2025-09-01 16:55:41,332 - INFO -  * Detected change in 'c:\\Users\\rosedangol\\Documents\\Python-Assignment\\Day3\\challenging.py', reloading
2025-09-01 16:55:41,373 - INFO -  * Restarting with stat
2025-09-01 16:55:41,764 - INFO - No existing employee data found
2025-09-01 16:55:41,783 - WARNING -  * Debugger is active!
2025-09-01 16:55:41,787 - INFO -  * Debugger PIN: 351-419-600
2025-09-01 16:55:44,835 - INFO -  * Detected change in 'c:\\Users\\rosedangol\\Documents\\Python-Assignment\\Day3\\challenging.py', reloading
2025-09-01 16:55:44,916 - INFO -  * Restarting with stat
2025-09-01 16:55:45,360 - INFO - No existing employee data found
2025-09-01 16:55:45,382 - WARNING -  * Debugger is active!
2025-09-01 16:55:45,386 - INFO -  * Debugger PIN: 351-419-600
2025-09-01 16:55:47,425 - INFO -  * Detected change in 'c:\\Users\\rosedangol\\Documents\\Python-Assignment\\Day3\\challenging.py', reloading
2025-09-01 16:55:47,469 - INFO -  * Restarting with stat
2025-09-01 16:55:48,030 - INFO - No existing employee data found
2025-09-01 16:55:48,053 - WARNING -  * Debugger is active!
2025-09-01 16:55:48,059 - INFO -  * Debugger PIN: 351-419-600
2025-09-01 16:55:49,098 - INFO -  * Detected change in 'c:\\Users\\rosedangol\\Documents\\Python-Assignment\\Day3\\challenging.py', reloading
2025-09-01 16:55:49,137 - INFO -  * Restarting with stat
2025-09-01 16:55:49,648 - INFO - No existing employee data found
2025-09-01 16:55:49,682 - WARNING -  * Debugger is active!
2025-09-01 16:55:49,690 - INFO -  * Debugger PIN: 351-419-600
2025-09-01 16:55:50,739 - INFO -  * Detected change in 'c:\\Users\\rosedangol\\Documents\\Python-Assignment\\Day3\\challenging.py', reloading
2025-09-01 16:55:50,798 - INFO -  * Restarting with stat
2025-09-01 16:55:51,231 - INFO - No existing employee data found
2025-09-01 16:55:51,261 - WARNING -  * Debugger is active!
2025-09-01 16:55:51,265 - INFO -  * Debugger PIN: 351-419-600
2025-09-01 16:55:52,292 - INFO -  * Detected change in 'c:\\Users\\rosedangol\\Documents\\Python-Assignment\\Day3\\challenging.py', reloading
2025-09-01 16:55:52,339 - INFO -  * Restarting with stat
2025-09-01 16:55:52,780 - INFO - No existing employee data found
2025-09-01 16:55:52,799 - WARNING -  * Debugger is active!
2025-09-01 16:55:52,804 - INFO -  * Debugger PIN: 351-419-600
2025-09-01 16:55:57,889 - INFO -  * Detected change in 'c:\\Users\\rosedangol\\Documents\\Python-Assignment\\Day3\\challenging.py', reloading
2025-09-01 16:55:57,937 - INFO -  * Restarting with stat
2025-09-01 16:55:58,432 - INFO - No existing employee data found
2025-09-01 16:55:58,450 - WARNING -  * Debugger is active!
2025-09-01 16:55:58,454 - INFO -  * Debugger PIN: 351-419-600
2025-09-01 16:56:08,538 - INFO -  * Detected change in 'c:\\Users\\rosedangol\\Documents\\Python-Assignment\\Day3\\challenging.py', reloading
2025-09-01 16:56:08,579 - INFO -  * Restarting with stat
2025-09-01 16:56:08,987 - INFO - No existing employee data found
2025-09-01 16:56:09,006 - WARNING -  * Debugger is active!
2025-09-01 16:56:09,010 - INFO -  * Debugger PIN: 351-419-600
2025-09-01 16:56:10,052 - INFO -  * Detected change in 'c:\\Users\\rosedangol\\Documents\\Python-Assignment\\Day3\\challenging.py', reloading
2025-09-01 16:56:10,110 - INFO -  * Restarting with stat
2025-09-01 16:56:10,569 - INFO - No existing employee data found
2025-09-01 16:56:10,588 - WARNING -  * Debugger is active!
2025-09-01 16:56:10,593 - INFO -  * Debugger PIN: 351-419-600
2025-09-01 16:56:11,619 - INFO -  * Detected change in 'c:\\Users\\rosedangol\\Documents\\Python-Assignment\\Day3\\challenging.py', reloading
2025-09-01 16:56:11,665 - INFO -  * Restarting with stat
2025-09-01 16:56:12,087 - INFO - No existing employee data found
2025-09-01 16:56:12,107 - WARNING -  * Debugger is active!
2025-09-01 16:56:12,112 - INFO -  * Debugger PIN: 351-419-600
2025-09-01 16:56:17,179 - INFO -  * Detected change in 'c:\\Users\\rosedangol\\Documents\\Python-Assignment\\Day3\\challenging.py', reloading
2025-09-01 16:56:17,221 - INFO -  * Restarting with stat
2025-09-01 16:56:17,809 - INFO - No existing employee data found
2025-09-01 16:56:17,837 - WARNING -  * Debugger is active!
2025-09-01 16:56:17,843 - INFO -  * Debugger PIN: 351-419-600
2025-09-01 16:56:18,876 - INFO -  * Detected change in 'c:\\Users\\rosedangol\\Documents\\Python-Assignment\\Day3\\challenging.py', reloading
2025-09-01 16:56:18,915 - INFO -  * Restarting with stat
2025-09-01 16:56:19,314 - INFO - No existing employee data found
2025-09-01 16:56:19,332 - WARNING -  * Debugger is active!
2025-09-01 16:56:19,336 - INFO -  * Debugger PIN: 351-419-600
2025-09-01 16:56:20,370 - INFO -  * Detected change in 'c:\\Users\\rosedangol\\Documents\\Python-Assignment\\Day3\\challenging.py', reloading
2025-09-01 16:56:20,462 - INFO -  * Restarting with stat
2025-09-01 16:56:20,973 - INFO - No existing employee data found
2025-09-01 16:56:20,991 - WARNING -  * Debugger is active!
2025-09-01 16:56:20,995 - INFO -  * Debugger PIN: 351-419-600
2025-09-01 16:56:23,030 - INFO -  * Detected change in 'c:\\Users\\rosedangol\\Documents\\Python-Assignment\\Day3\\challenging.py', reloading
2025-09-01 16:56:23,122 - INFO -  * Restarting with stat
2025-09-01 16:56:23,649 - INFO - No existing employee data found
2025-09-01 16:56:23,677 - WARNING -  * Debugger is active!
2025-09-01 16:56:23,684 - INFO -  * Debugger PIN: 351-419-600
2025-09-01 16:56:24,730 - INFO -  * Detected change in 'c:\\Users\\rosedangol\\Documents\\Python-Assignment\\Day3\\challenging.py', reloading
2025-09-01 16:56:24,996 - INFO -  * Restarting with stat
2025-09-01 16:56:26,001 - INFO - No existing employee data found
2025-09-01 16:56:26,019 - WARNING -  * Debugger is active!
2025-09-01 16:56:26,023 - INFO -  * Debugger PIN: 351-419-600
2025-09-01 16:56:30,073 - INFO -  * Detected change in 'c:\\Users\\rosedangol\\Documents\\Python-Assignment\\Day3\\challenging.py', reloading
2025-09-01 16:56:30,344 - INFO -  * Restarting with stat
2025-09-01 16:56:30,881 - INFO - No existing employee data found
2025-09-01 16:56:30,900 - WARNING -  * Debugger is active!
2025-09-01 16:56:30,904 - INFO -  * Debugger PIN: 351-419-600
2025-09-01 16:56:31,934 - INFO -  * Detected change in 'c:\\Users\\rosedangol\\Documents\\Python-Assignment\\Day3\\challenging.py', reloading
2025-09-01 16:56:32,104 - INFO -  * Restarting with stat
2025-09-01 16:56:32,553 - INFO - No existing employee data found
2025-09-01 16:56:32,573 - WARNING -  * Debugger is active!
2025-09-01 16:56:32,580 - INFO -  * Debugger PIN: 351-419-600
2025-09-01 16:56:33,606 - INFO -  * Detected change in 'c:\\Users\\rosedangol\\Documents\\Python-Assignment\\Day3\\challenging.py', reloading
2025-09-01 16:56:33,692 - INFO -  * Restarting with stat
2025-09-01 16:56:34,265 - INFO - No existing employee data found
2025-09-01 16:56:34,293 - WARNING -  * Debugger is active!
2025-09-01 16:56:34,299 - INFO -  * Debugger PIN: 351-419-600
2025-09-01 16:56:35,331 - INFO -  * Detected change in 'c:\\Users\\rosedangol\\Documents\\Python-Assignment\\Day3\\challenging.py', reloading
2025-09-01 16:56:35,413 - INFO -  * Restarting with stat
2025-09-01 16:56:35,938 - INFO - No existing employee data found
2025-09-01 16:56:35,957 - WARNING -  * Debugger is active!
2025-09-01 16:56:35,960 - INFO -  * Debugger PIN: 351-419-600
2025-09-01 16:56:36,987 - INFO -  * Detected change in 'c:\\Users\\rosedangol\\Documents\\Python-Assignment\\Day3\\challenging.py', reloading
2025-09-01 16:56:37,027 - INFO -  * Restarting with stat
2025-09-01 16:56:37,427 - INFO - No existing employee data found
2025-09-01 16:56:37,444 - WARNING -  * Debugger is active!
2025-09-01 16:56:37,448 - INFO -  * Debugger PIN: 351-419-600
2025-09-01 16:56:40,497 - INFO -  * Detected change in 'c:\\Users\\rosedangol\\Documents\\Python-Assignment\\Day3\\challenging.py', reloading
2025-09-01 16:56:40,545 - INFO -  * Restarting with stat
2025-09-01 16:56:41,021 - INFO - No existing employee data found
2025-09-01 16:56:41,044 - WARNING -  * Debugger is active!
2025-09-01 16:56:41,048 - INFO -  * Debugger PIN: 351-419-600
2025-09-01 16:56:42,078 - INFO -  * Detected change in 'c:\\Users\\rosedangol\\Documents\\Python-Assignment\\Day3\\challenging.py', reloading
